2015   1  0  -0.5  -0.6  498. 13 104   -11 132.9   99
2015   2  0  -1.9  -2.1  419. 23 122   -17 141.0  251
2015   3  0   1.4   1.4  447. 23 102   -26 143.8  138
2015   4  0  -4.4  -4.4  410. 30 105   -44 144.8  439
2015   5  0   0.6   0.3  494. 27  88   -41 137.2  244
2015   6  0   3.2   2.9  490. 27  89   -34 137.2  158
2015   7  0   2.4   2.3  450. 33 103   -50 142.4  276
2015   8  0  -0.1   0.0  469. 27  99   -46 152.0  189
2015   9  0  -0.1   0.2  457. 17 111   -35 146.2  118
2015  10  0  -0.2   0.3  426. 20 106   -25 146.9  155
2015  11  0  -0.9  -0.1  482. 23 122   -29 148.6  183
2015  12  0  -0.1   0.3  434. 17 124   -26 153.4  136
2015  13  0  -0.5  -0.0  425. 20 101   -21 999.9  139
2015  14  0  -0.2   0.7  394. 17  80   -19 137.2  106
2015  15  0   1.1   1.9  400. 10  59   -14 127.1   91
2015  16  0  -0.9  -0.2  382. 17  52   -16 120.7  132
2015  17  0   0.1   0.5  347. 13  40   -17 118.0   93
2015  18  0  -0.6  -0.2  326. 10  68   -10 121.7   81
2015  19  0  -1.0  -0.5  306. 10  66    -8 125.9   89
2015  20  0   1.8   2.5  295.  3  56    -5 121.6   58
2015  21  0   3.5   2.2  383. 23  43     6 120.0  126
2015  22  0   1.5   0.3  461. 27  50   -17 116.6  199
2015  23  0  -0.0  -0.7  423. 20  60   -15 117.3  135
2015  24  0  -0.3  -0.9  374. 13  59   -13 121.4  124
2015  25  0  -0.7  -1.6  347. 13  62    -7 122.7   88
2015  26  0  -1.7  -2.7  359. 30 109   -21 142.5  257
2015  27  0   0.2  -0.7  451. 27 126   -17 153.3  197
2015  28  0   0.5  -0.3  446. 17 141   -15 154.5  144
2015  29  0   0.4  -0.9  392. 20 146   -11 166.7  167
2015  30  0   0.2  -0.4  410. 20 153   -20 154.6  179
2015  31  0  -1.1  -1.8  418. 20 138   -19 149.0  180
2015  32  0   0.9   0.7  542. 33 113   -15 137.6  233
2015  33  0  -0.6  -1.3  658. 40  93   -34 139.8  382
2015  34  0   0.1  -0.4  597. 30  89   -24 145.1  230
2015  35  0  -0.7  -1.1  477. 20  96   -19 150.1  168
2015  36  0  -1.5  -1.0  413. 23  93   -11 138.0  206
2015  37  0   0.5   1.6  423. 13  89   -12 139.3   72
2015  38  0  -1.0  -0.0  407. 20  76   -19 148.9  181
2015  39  0  -1.3   0.0  492. 23  84   -22 148.7  178
2015  40  0  -0.3   0.5  428. 17  88   -16 141.9  120
2015  41  0  -0.6   0.3  382. 13  84   -15 137.3   95
2015  42  0   0.4   1.6  374. 13  60   -12 127.7   93
2015  43  0  -0.7  -0.1  345. 10  51    -9 124.4  108
2015  44  0   0.2   1.4  330.  3  62    -6 121.8   44
2015  45  0   1.1   2.4  322.  3  53     3 117.4   39
2015  46  0   2.4   1.0  325. 17  65    -2 116.7  101
2015  47  0   3.7   3.0  338. 13  41     3 115.3   76
2015  48  0  -2.1  -4.6  370. 37  39   -30 115.7  321
2015  49  0  -0.5  -1.8  434. 30  87   -46 118.2  286
2015  50  0  -0.1  -1.0  391. 20  89   -26 116.0  149
2015  51  0   0.1  -1.3  350. 13  64   -18 117.0  142
2015  52  0   0.8  -0.5  335. 17  58   -14 113.6  116
2015  53  0  -0.7  -2.0  318. 17  43    -9 115.0  118
2015  54  0  -1.8  -1.7  384. 30  46   -20 114.3  293
2015  55  0  -0.6   1.1  469. 33  44   -36 112.1  330
2015  56  0   0.1   1.3  470. 20  21   -20 108.8  149
2015  57  0  -1.0  -0.7  410. 10  22   -12 109.1   81
2015  58  0   0.7   0.6  345.  3  58     2 115.7   44
2015  59  0  -1.0  -2.3  378. 23  60    -4 121.1  246
2015  60  0  -0.0  -1.8  517. 33  65   -36 125.3  289
2015  61  0  -0.7  -2.0  572. 37  52   -40 128.1  376
2015  62  0  -0.2  -1.0  498. 23  42   -26 122.9  248
2015  63  0   0.8   1.1  465. 20  37   -14 122.1  132
2015  64  0   0.5   1.2  446. 13  26    -9 137.9  107
2015  65  0   0.0   2.1  469. 23  35   -11 125.4  162
2015  66  0  -0.5   0.0  539. 37  17   -18 135.7  320
2015  67  0  -0.5   0.5  557. 23  28   -15 122.3  230
2015  68  0   0.1   1.0  455. 10  23   -12 121.2   74
2015  69  0   0.2   1.5  380. 10  27    -5 119.2   68
2015  70  0  -0.9   0.4  385. 20  44    -7 129.9  168
2015  71  0   0.2   1.0  401. 17  56   -14 125.1  175
2015  72  0   1.0   2.4  401. 13  76    -7 117.9   81
2015  73  0  -0.4   0.8  338. 13  55    -6 114.3   90
2015  74  0  -0.6  -0.3  318. 17  53    -5 113.1  169
2015  75  0   5.3   5.1  380. 23  46     9 116.0   97
2015  76  0  -6.0  -6.2  532. 60  38   -84 113.2  633
2015  77  0   1.8  -1.1  595. 50  41  -117 113.7  488
2015  78  0  -0.3  -0.9  601. 37  49   -78 108.3  410
2015  79  0   0.0  -0.6  570. 37  20   -64 111.8  337
2015  80  0   2.3   1.6  626. 23  26   -48 112.7  222
2015  81  0   1.2   1.9  634. 30  81   -46 121.5  235
2015  82  0  -0.6   0.4  587. 33  99   -42 127.2  296
2015  83  0   0.3   1.0  532. 23 108   -33 132.2  174
2015  84  0   0.6   1.2  546. 27  99   -24 137.0  158
2015  85  0   0.1   0.4  451. 20 105   -21 135.5  142
2015  86  0   0.6  -0.6  406. 20 101   -25 137.2  182
2015  87  0   5.4   3.4  403. 20  81   -20 145.1  143
2015  88  0   1.8  -2.0  373. 23  72   -32 144.0  250
2015  89  0   1.3  -0.3  333. 10  51   -25 133.3   81
2015  90  0   5.1   4.9  370. 20  38   -11 127.8   93
2015  91  0   2.4   6.0  408. 17  43    -3 123.9   72
2015  92  0   0.2   1.8  428. 23  35   -13 121.2  237
2015  93  0   1.7   3.0  524. 27  35   -18 119.8  140
2015  94  0   0.7   1.3  526. 23  54   -19 122.4  176
2015  95  0   0.8   1.6  545. 17  55   -11 122.3  105
2015  96  0   0.0   0.5  482. 13  53   -13 125.8   94
2015  97  0   0.1   0.8  404. 10  51    -8 111.4   69
2015  98  0   0.8   1.1  344.  7  43    -3 106.3   63
2015  99  0  -1.6   0.4  363. 27  47    -4 111.6  173
2015 100  0   1.2   1.2  404. 40  41   -40 115.5  327
2015 101  0  -4.7  -3.5  366. 30  59   -63 123.5  484
2015 102  0   2.1   1.5  344.  7  86   -25 134.6   75
2015 103  0   0.1  -0.3  335. 13 103   -13 142.1  122
2015 104  0  -0.5  -0.8  319. 23 105   -13 147.7  267
2015 105  0   1.3   0.8  473. 37  96   -38 155.7  333
2015 106  0  -1.3  -2.6  599. 47 100   -60 151.3  643
2015 107  0   0.5  -0.1  647. 33 117   -56 150.8  350
2015 108  0   0.2  -0.1  545. 23 140   -31 148.9  225
2015 109  0  -1.4  -1.9  424. 20 137   -30 153.0  259
2015 110  0   0.6   1.4  401. 23 128   -12 151.0  178
2015 111  0  -0.3   0.7  556. 37 127   -28 155.3  366
2015 112  0  -0.1   0.6  535. 23 138   -21 151.8  208
2015 113  0   0.6   1.0  442. 13 117   -15 142.0   85
2015 114  0  -0.5  -0.5  380.  7  83   -17 136.0   85
2015 115  0   0.7   1.0  341.  0  69    -6 127.4   44
2015 116  0   1.1   1.5  309.  3  65    -0 120.0   52
2015 117  0  -1.8  -1.9  309. 10  47   -13 108.9  228
2015 118  0  -0.9  -1.7  313. 13  41   -21 109.2  182
2015 119  0  -0.4  -1.6  298. 10  30   -12 105.5  118
2015 120  0   0.7   1.6  322. 10  15    -5 103.3   92
2015 121  0   1.1   2.3  387. 13  19    -4 101.4   73
2015 122  0   0.1   1.4  408. 17  34    -4 107.3  117
2015 123  0  -0.2   0.6  385. 17  44   -12 112.9  136
2015 124  0   0.1   0.7  374. 17 103    -9 125.4  102
2015 125  0   0.3   0.4  366. 13 104    -8 130.0  159
2015 126  0  -0.2   1.6  443. 33 124   -15 138.6  383
2015 127  0   6.5   6.9  412. 17 145   -11 149.2   48
2015 128  0   0.3  -0.6  383. 13 150    -9 152.6  155
2015 129  0   1.2   1.1  386. 17 139     2 157.5   76
2015 130  0  -2.6  -1.0  369. 20 163   -15 163.1  246
2015 131  0  -4.2  -3.7  355. 27 163   -39 166.2  522
2015 132  0  -2.1  -2.6  364. 30 165   -33 166.5  449
2015 133  0  -0.5  -1.6  638. 50 172   -60 160.3  615
2015 134  0   1.2   0.9  663. 20 164   -31 148.2  181
2015 135  0  -0.0  -0.3  530. 17 124   -23 139.5  215
2015 136  0   0.1  -0.4  446. 13 103   -16 134.0  165
2015 137  0   1.4   1.4  387. 13  89    -8 122.3  122
2015 138  0   2.2   3.0  384. 23 101    -5 117.6  174
2015 139  0   2.5   3.8  505. 23  77   -27 112.9  172
2015 140  0  -0.8  -0.6  458. 17  59   -21 108.2  186
2015 141  0  -0.8  -0.2  403.  3  50   -15 104.3   71
2015 142  0   0.6   0.9  372.  3  73    -8 101.6   57
2015 143  0  -0.1  -0.2  333.  7  72     2 100.2   62
2015 144  0  -0.2  -0.5  332. 10  78    -4 101.2  124
2015 145  0   0.4   0.2  320.  3  67     1  99.0   58
2015 146  0  -0.3  -0.1  311. 13  53     3  97.0  148
2015 147  0  -0.5  -0.2  297. 10  14    -2  97.8  146
2015 148  0   0.1   0.4  322. 17  12    -2  95.5  146
2015 149  0   2.1   2.7  385. 17  33     6  94.8   88
2015 150  0   0.6   1.1  392. 10  31     7  97.7   76
2015 151  0  -0.9  -0.2  362. 10  29     2  97.0   99
2015 152  0   0.0   0.3  339. 17  27    -3 103.2  175
2015 153  0   3.0   3.3  330.  3  44     5 103.9   52
2015 154  0   0.8   1.3  315.  7  49     6 111.6   72
2015 155  0   0.8   1.1  278.  3  80     8 121.4   65
2015 156  0   0.6   0.9  280.  3  90    13 129.7   52
2015 157  0   0.8   1.1  307. 10 109    19 136.6   89
2015 158  0   3.7   3.5  327. 17 124    18 141.4  131
2015 159  0  -1.2  -1.8  556. 43 112   -35 138.2  496
2015 160  0   0.1   0.0  627. 27  92   -27 140.6  336
2015 161  0   0.2  -0.0  634. 27  93   -19 139.5  358
2015 162  0  -0.2  -0.3  573. 20  95   -18 144.2  249
2015 163  0   0.0   0.1  478. 17  98    -0 141.0  131
2015 164  0  -0.8  -0.8  484. 23  97    -7 140.3  252
2015 165  0   1.0   1.2  528. 30  90   -11 135.8  339
2015 166  0  -1.2  -1.0  563. 27  54   -17 139.1  393
2015 167  0   0.2   0.5  512. 23  70   -16 140.5  257
2015 168  0  -0.9  -0.9  487. 27  80   -26 140.2  429
2015 169  0  -0.4  -0.3  422. 17  77   -16 155.7  184
2015 170  0  -0.2  -0.3  363.  7  68   -12 141.8  121
2015 171  0   0.2   0.3  301.  3  64    -2 139.8   51
2015 172  0   0.7   0.8  304. 13  61    14 136.0   72
2015 173  0   0.4   0.8  457. 43  56   -17 255.0  560
2015 174  0  -1.9  -1.7  627. 53  45  -127 119.9  555
2015 175  0  -0.3  -0.4  615. 30  36   -64 113.1  345
2015 176  0  -0.7  -0.4  602. 40  27   -54 105.2  456
2015 177  0  -0.8  -0.7  518. 17  23   -48 104.6  189
2015 178  0   1.3   1.2  578. 20  21   -32 100.5  144
2015 179  0  -0.9  -1.1  454. 27  32   -38 100.5  313
2015 180  0   2.0   1.9  401. 13  39   -23 100.4   98
2015 181  0   0.2   0.1  379. 13  41   -12 104.2  104
2015 182  0   0.7   0.5  390. 10  54   -15 113.3  103
2015 183  0   0.0  -0.1  365.  3  75   -15 117.6   73
2015 184  0   0.9   0.6  319.  3  88    -5 116.1   61
2015 185  0   0.1   0.3  373. 23  99    -2 120.7  278
2015 186  0  -0.6  -0.2  497. 33 109   -53 129.0  346
2015 187  0  -0.8  -0.4  499. 20  97   -40 137.9  285
2015 188  0  -0.1   0.2  448. 10 112   -27 137.1  111
2015 189  0  -1.3  -0.9  388. 10 123   -20 133.2  161
2015 190  0  -0.7  -0.5  366. 10 110   -13 126.0  132
2015 191  0  -0.3  -0.0  341. 13 103    -5 133.3   98
2015 192  0   0.5  -0.3  580. 37  92   -23 124.3  344
2015 193  0  -0.1  -0.3  590. 27  71   -24 119.9  312
2015 194  0  -3.4  -3.7  546. 40  53   -50 113.8  667
2015 195  0   2.2   2.6  453. 13  43   -29 108.7  133
2015 196  0   1.0   0.7  515. 17  43   -17 104.4  140
2015 197  0   0.4  -0.0  493. 17  50   -24 102.9  216
2015 198  0   0.0  -0.4  420. 10  50   -19 100.6  133
2015 199  0  -0.1  -0.5  338.  7  58   -13  99.1   94
2015 200  0   0.0  -0.3  304.  3  44    -5 102.6   64
2015 201  0   1.0   0.4  292.  7  36     3  96.3  120
2015 202  0   2.4   1.5  368. 20  36     1  94.0  157
2015 203  0   1.0   0.0  354. 17  36    -4  91.9  163
2015 204  0  -1.7  -2.6  445. 33  29   -47  92.2  409
2015 205  0   0.3  -0.3  424. 13  31   -32  95.2  171
2015 206  0  -0.3  -0.7  413. 17  34   -29  96.9  196
2015 207  0   1.2   0.2  423. 17  40   -25 100.1  171
2015 208  0   0.6  -0.1  471. 20  51   -19 103.2  263
2015 209  0  -0.6  -0.9  443. 17  62   -22 104.2  245
2015 210  0   0.3  -0.1  384. 13  67   -10 103.8   99
2015 211  0  -1.0  -0.9  364. 23  76    -6 105.1  220
2015 212  0   0.1   1.6  491. 27  69   -20 103.8  290
2015 213  0   0.5   1.3  557. 20  64   -12 106.0  169
2015 214  0  -0.5   0.2  575. 23  53   -16 104.5  214
2015 215  0  -0.0   0.5  498. 17  61   -10 108.7  139
2015 216  0  -0.8  -0.1  440. 17  90    -7 109.9  171
2015 217  0  -0.0   0.3  394. 10  94    -5 115.5  107
2015 218  0   0.5  -1.0  484. 23 108    -9 125.1  279
2015 219  0   0.7  -0.5  519. 30 112   -19 125.5  356
2015 220  0   1.0  -0.6  493. 23  93   -23 124.4  340
2015 221  0  -0.0  -0.6  514. 23  76   -18 117.6  292
2015 222  0   0.4  -0.4  497. 20  69   -19 109.1  275
2015 223  0   0.1  -1.2  422. 17  78   -17 105.6  196
2015 224  0   0.0  -1.3  395. 23  66   -16 101.9  287
2015 225  0  -2.6  -2.9  378. 20  55   -31  97.3  346
2015 226  0   3.3   1.9  341.  7  46   -12  95.7   63
2015 227  0  -0.2  -2.1  426. 40  39   -35  91.7  435
2015 228  0   0.2  -1.8  517. 40  38   -61  87.8  562
2015 229  0  -1.0  -1.7  554. 37  33   -45  89.2  507
2015 230  0  -0.3  -0.9  485. 20  39   -30  90.9  199
2015 231  0  -1.1  -2.9  467. 33  50   -40 100.6  469
2015 232  0   1.9   0.7  482. 27  65   -23 105.3  245
2015 233  0   0.8   0.2  458. 13  73   -16 121.4  104
2015 234  0  -0.5  -0.8  383. 20  71   -20 119.6  238
2015 235  0  -0.9  -2.0  489. 37  81   -30 136.1  375
2015 236  0   0.0  -0.5  464. 17  81   -24 130.6  183
2015 237  0  -0.8  -1.9  397. 20  69   -21 123.9  272
2015 238  0  -3.5  -5.6  398. 40  47   -45 128.9  666
2015 239  0  -6.6  -7.9  358. 50  55   -79 112.5  761
2015 240  0  -8.3  -6.0  360. 47  44   -76 111.3  638
2015 241  0  -0.1   1.2  452. 27  56   -34 102.1  218
2015 242  0  -0.1   0.8  424. 10  56   -21  93.4   78
2015 243  0  -0.7   0.7  386. 10  35   -16  92.7   79
2015 244  0  -0.7   0.3  358. 10  43    -7  90.7  100
2015 245  0   0.5   0.6  382. 17  36    -6  89.8  127
2015 246  0  -0.3  -1.4  421. 17  29    -9  88.0  202
2015 247  0   0.7  -1.7  470. 33  37   -32  91.5  395
2015 248  0   0.7  -0.4  466. 27  27   -20  86.8  236
2015 249  0   1.0  -0.6  463. 27  43   -19  86.9  280
2015 250  0  -2.3  -2.7  529. 43  44   -36  85.0  647
2015 251  0   7.2   6.0  501. 30  42   -27  84.7  256
2015 252  0  -6.1  -7.4  422. 53  57   -80  83.5  819
2015 253  0  -0.2   0.9  411. 23  46   -35  84.6  212
2015 254  0   0.5  -0.4  557. 50  81   -48  94.1  474
2015 255  0   0.3  -0.6  543. 30  89   -36 100.4  302
2015 256  0  -0.3  -1.2  463. 23  83   -31 100.0  293
2015 257  0   0.9  -0.5  466. 27  56   -29  97.7  273
2015 258  0   0.7  -0.4  494. 30  68   -29 102.2  335
2015 259  0   0.3  -0.4  479. 23  86   -20 110.6  194
2015 260  0   0.5  -0.5  453. 20  75   -23 107.9  212
2015 261  0  -1.0  -2.4  420. 27  71   -24 103.8  312
2015 262  0  -0.2   0.5  415. 27  64   -20 106.7  252
2015 263  0  -0.1  -1.8  513. 43  65   -47 111.3  477
2015 264  0   3.2   2.6  537. 20  78   -25 104.2  118
2015 265  0   1.0   1.7  578. 23  86   -16 107.8  126
2015 266  0   0.8   1.4  506. 23  96   -18 111.4  206
2015 267  0  -0.2   0.7  465. 17 101   -18 107.4  136
2015 268  0  -0.1   0.8  476. 17 152   -10 120.5  141
2015 269  0   0.5   1.5  430. 10 162    -7 120.8   68
2015 270  0   0.3   1.9  416.  7 169    -5 128.1   45
2015 271  0  -0.7   0.6  366.  7 156    -4 124.5   61
2015 272  0  -0.2   0.3  345. 10 120   -11 129.6   94
2015 273  0   0.1   0.7  313.  3  95     4 131.5   37
2015 274  0  -2.0  -2.6  322. 20  89   -10 120.0  319
2015 275  0  -0.5  -3.5  353. 27  59   -31 107.6  340
2015 276  0  -0.7  -2.2  383. 23  50   -30  97.0  342
2015 277  0  -1.6  -3.6  445. 30  21   -45  88.3  462
2015 278  0  -0.2  -1.6  458. 30  18   -36  82.6  375
2015 279  0  -2.2  -3.0  398. 33  25   -34  81.3  410
2015 280  0  -1.6  -4.7  524. 57  32   -75  80.4  697
2015 281  0  -0.1  -1.0  741. 50  36   -66  79.5  646
2015 282  0  -0.6  -1.0  671. 40  26   -48  81.0  476
2015 283  0   0.6   0.0  596. 23  12   -43  81.2  249
2015 284  0  -0.3  -0.9  470. 27  31   -36  84.3  278
2015 285  0  -0.0  -1.2  477. 33  52   -31  88.7  359
2015 286  0  -0.4  -1.1  534. 37  62   -35  95.2  418
2015 287  0  -1.0  -1.8  500. 37  54   -41 100.2  398
2015 288  0   1.0  -0.7  452. 20  51   -26 106.1  227
2015 289  0  -0.5  -0.6  392. 17  54   -22 108.4  160
2015 290  0  -2.4  -2.3  353. 23  74   -15 115.8  228
2015 291  0  -0.6  -1.8  415. 33  72   -33 118.6  314
2015 292  0   0.8   0.3  395. 10  91   -22 122.7   54
2015 293  0  -0.5  -1.2  370. 20  95   -16 121.7  193
2015 294  0   0.5   0.8  411. 23  88    -9 127.8  161
2015 295  0   0.2   0.9  409. 13 104   -14 119.3  116
2015 296  0   0.5   1.4  450. 13  90    -9 113.7  111
2015 297  0   0.2   1.2  445. 20  77    -5 105.2  144
2015 298  0   2.4   3.8  464. 17  67    -2 105.2   88
2015 299  0   1.5   1.7  423.  3  74    -8 104.9   27
2015 300  0  -0.8  -1.4  366.  7  67   -10 108.7   73
2015 301  0   0.3   0.3  322.  3  79    -3 110.7   29
2015 302  0   0.7  -0.3  305. 10  91     0 111.4   90
2015 303  0   0.0  -0.9  319. 20  88   -11 119.5  160
2015 304  0   0.8  -0.6  338. 13  83    -9 116.7  109
2015 305  0  -1.4  -2.3  346. 20  86   -24 122.4  279
2015 306  0   0.5   1.4  324. 10 104    -5 120.1   82
2015 307  0   0.8  -0.4  534. 40  84   -18 122.2  371
2015 308  0   0.5  -0.6  658. 40 105   -36 112.0  482
2015 309  0  -0.9  -0.9  546. 30  85   -31 108.1  282
2015 310  0   0.8  -0.1  504. 27  81   -20 113.2  193
2015 311  0  -3.8  -2.1  568. 40  84   -60 112.9  545
2015 312  0   2.8   1.7  487. 23  76   -36 105.7  330
2015 313  0  -1.5  -2.4  509. 40  67   -44 105.6  551
2015 314  0  -0.6  -1.6  658. 43  71   -41 103.3  538
2015 315  0  -0.4  -0.7  670. 33  63   -30 102.9  343
2015 316  0  -0.2  -0.3  495. 10  60   -26 101.4   88
2015 317  0  -0.8  -1.1  415. 27  50   -18 100.8  243
2015 318  0   0.2  -0.5  460. 20  39   -21 104.1  204
2015 319  0   1.4   0.2  406. 20  58   -10 103.5  173
2015 320  0  -1.5  -2.9  379. 27  43   -28 103.2  387
2015 321  0  -0.2  -1.1  367. 20  35   -13 104.6  150
2015 322  0  -1.3  -0.8  393. 27  29   -15 105.1  251
2015 323  0   2.3   2.4  434. 17  41   -20 105.6  110
2015 324  0   3.0   4.0  388. 10  53    -2 108.4   48
2015 325  0   0.0   0.9  385.  7  59    -5 119.2   51
2015 326  0   0.0   0.7  340.  3  70    -4 119.9   36
2015 327  0   0.5   0.6  325.  3  55    -0 116.7   37
2015 328  0   0.1   0.4  296.  0  59     2 110.3   30
2015 329  0   1.4   1.9  272.  0  62     9 106.2   18
2015 330  0  -0.6  -0.8  265.  3  64     6 101.2   74
2015 331  0  -2.0  -1.5  287. 17  59    -5  96.3  100
2015 332  0  -0.8   0.6  309. 17  52     4  94.0  124
2015 333  0   0.8   1.6  408. 20  54    -3  92.9  169
2015 334  0  -0.3  -0.7  491. 30  48   -18  93.1  266
2015 335  0  -1.0  -1.3  497. 27  32   -20  91.9  305
2015 336  0  -0.9  -1.4  429. 20  49   -22  92.6  207
2015 337  0   0.7   0.3  400.  7  36   -12  91.8   52
2015 338  0   0.1  -0.4  366. 10  33    -8  94.8   77
2015 339  0  -0.2  -0.8  413. 27  49   -11  97.6  265
2015 340  0  -2.0  -2.4  509. 37  54   -23  99.3  408
2015 341  0   0.4  -0.3  590. 33  60   -18  97.8  324
2015 342  0  -0.4  -0.5  555. 23  57   -18 107.9  170
2015 343  0   0.6   0.4  460. 20  77    -8 105.5  138
2015 344  0  -0.3  -0.5  562. 37  82   -14 105.2  344
2015 345  0  -0.0  -0.2  643. 33  81   -15 110.3  351
2015 346  0  -0.5  -0.6  580. 23  83   -15 113.1  190
2015 347  0  -0.3  -0.4  498. 17  81    -9 118.7  114
2015 348  0  -1.8  -2.0  434. 30  86   -17 120.2  289
2015 349  0   0.4   0.6  521. 27  65   -33 115.2  201
2015 350  0   0.8   0.9  513. 10  63   -22 122.2   94
2015 351  0  -0.3  -0.2  440. 13  56   -14 114.0  138
2015 352  0   0.1   0.1  404. 10  53   -14 113.3   63
2015 353  0  -0.4  -0.2  406. 17  50    -0 115.2  160
2015 354  0 -10.3 -10.2  418. 57  21   -73 112.8  726
2015 355  0  -6.5  -6.1  394. 40  18  -100 117.8  331
2015 356  0   0.7   0.6  434. 27  73   -42 125.8  157
2015 357  0  -0.1  -0.1  458. 23  68   -28 129.5  175
2015 358  0   1.2   1.0  496. 23  68   -18 128.4  164
2015 359  0   1.8   1.8  508. 20  77   -14 122.3   94
2015 360  0   0.9   0.7  535. 27  64   -13 113.5  170
2015 361  0  -0.0  -0.1  535. 23  67   -17 106.7  159
2015 362  0   0.4   0.4  442. 13  70    -9 108.4   82
2015 363  0  -1.3  -1.3  395. 17  58    -9 101.9  124
2015 364  0  -0.0   0.2  359.  7  35    -7  98.1   73
2015 365  0  -3.9  -3.7  445. 43  22   -30  93.0  521
2016   1  0  -3.6  -3.7  431. 33  37   -68  95.1  374
2016   2  0   0.0  -0.1  459. 23  40   -26  96.6  125
2016   3  0  -0.1   0.1  455. 17  51   -18  98.5  117
2016   4  0   0.5   0.6  427. 13  70   -14  92.2   64
2016   5  0   4.0   4.8  432. 13  35     0  92.1   45
2016   6  0  -0.1   0.2  574. 30  31   -19  96.9  260
2016   7  0  -0.6  -0.3  565. 27  61   -16  99.9  237
2016   8  0  -0.2   0.2  513. 17  86   -17 104.9  139
2016   9  0   0.5   1.1  452. 13  97   -12 103.5   91
2016  10  0  -0.3   0.0  442. 20  90    -9 105.4  132
2016  11  0  -1.0  -1.5  491. 27  47   -15 104.5  211
2016  12  0   2.0   1.7  556. 27  40   -21 102.0  180
2016  13  0  -0.0  -0.5  541. 27  38   -20 100.7  186
2016  14  0  -0.2  -0.5  492. 20  41   -17  99.9  147
2016  15  0  -0.0  -0.2  401. 13  45   -19 100.1   80
2016  16  0   1.8   1.5  364.  7  44    -5  96.7   41
2016  17  0  -0.3  -0.5  328.  7  58    -8  97.4   87
2016  18  0  -1.1  -0.4  309.  7  54    -6  96.7   88
2016  19  0   3.5   3.8  361. 20  66    -7  94.4  155
2016  20  0  -5.1  -5.0  356. 37  62   -54  97.2  422
2016  21  0   0.9  -0.7  460. 40  64   -50 100.7  363
2016  22  0   0.9   0.2  517. 27  67   -34  97.3  182
2016  23  0  -0.1  -0.5  511. 23  63   -26  95.8  176
2016  24  0   0.8   0.5  462. 20  48   -14 100.6  146
2016  25  0   1.6   1.4  427.  3  67   -13 104.3   32
2016  26  0   2.2   2.3  357.  7  69    -3 111.3   38
2016  27  0   1.5   2.0  354. 10  83     0 109.3   45
2016  28  0  -1.0   0.3  345. 10  77   -12 106.6  116
2016  29  0  -1.4  -0.4  315.  7  64   -11 103.7   57
2016  30  0  -1.0  -0.4  276.  3  36    -5 102.0   50
2016  31  0  -6.2  -5.0  286. 20  35   -23  98.3  312
2016  32  0  -2.0  -0.8  295. 13  44   -31  97.3  197
2016  33  0  -0.2  -0.9  295. 13  52    -3  99.1  117
2016  34  0   1.1   2.1  373. 20  83   -30 108.9  186
2016  35  0   1.5   3.3  425. 13 108    -3 119.8   82
2016  36  0  -1.4  -0.6  465. 23 103   -13 116.3  186
2016  37  0  -0.5  -0.2  443. 17  79    -8 113.9  128
2016  38  0  -2.0  -1.7  396. 17  89   -12 113.9  262
2016  39  0  -0.4  -0.7  401. 23  89   -29 112.1  216
2016  40  0   2.2   0.2  402. 20  84   -10 114.1  147
2016  41  0  -0.9  -1.7  372. 10  75   -17 109.2  110
2016  42  0  -2.8  -4.1  337. 20  85   -24 109.8  268
2016  43  0   6.5   3.6  352. 27  63   -17 109.3  176
2016  44  0   4.0   5.4  391. 17  38    -2 107.5   64
2016  45  0  -0.8   0.0  392. 23  46   -13 105.4  179
2016  46  0  -1.2  -0.2  405. 23  50    -8 104.7  165
2016  47  0   0.5  -1.2  518. 43  42   -33 101.5  509
2016  48  0  -0.6  -1.7  572. 43  38   -41  97.5  472
2016  49  0   0.1  -0.8  616. 40  36   -45  92.7  386
2016  50  0  -0.6  -1.0  560. 30  46   -33  91.9  302
2016  51  0   0.5   0.1  478. 13  52   -26  97.8  109
2016  52  0  -0.8  -1.0  348. 10  47   -16  93.5  108
2016  53  0   2.1   1.5  340.  7  34    -6  91.7   45
2016  54  0  -0.1  -1.0  364. 13  37    -8  89.1  123
2016  55  0   0.8  -1.0  334. 17  34   -14  86.1  151
2016  56  0   2.3   1.1  318. 13  26    -1  89.9   77
2016  57  0  -0.2   1.4  386. 17  48    -6  87.2   79
2016  58  0  -0.2   0.9  379.  7  26    -1  88.6   71
2016  59  0  -0.3   0.7  374.  7  36     1  91.5   69
2016  60  0  -0.3   0.6  340. 10  45     5  89.3   66
2016  61  0   0.3   2.2  366. 20  68     6  95.1  105
2016  62  0   1.4   3.3  422. 17  78     2  96.5   76
2016  63  0  -0.8   0.2  437. 17  77    -2  97.1  106
2016  64  0   0.4   1.2  384.  7 111    -5  98.9   57
2016  65  0   0.2   1.3  357.  7  83     1  94.7   72
2016  66  0   4.8   2.4  397. 30  78    -8  94.1  290
2016  67  0  -0.4  -2.0  550. 37  79   -60  92.8  376
2016  68  0   0.1  -0.6  468. 17  63   -33  94.2  204
2016  69  0  -0.5  -1.4  387. 17  91   -24  96.0  163
2016  70  0  -1.5  -2.6  334. 17  80   -23  93.7  233
2016  71  0   2.0   2.8  394. 30  51    -6  93.0  213
2016  72  0   0.4   1.2  507. 23  70   -12  93.9  177
2016  73  0   1.5   2.1  435.  7  57    -6  91.5   35
2016  74  0  -0.2  -0.1  415. 20  70    -1  92.4  179
2016  75  0  -0.9  -2.2  521. 37  59   -31  93.1  418
2016  76  0   0.0  -1.2  498. 30  79   -30  90.1  371
2016  77  0  -0.3  -0.9  542. 37  72   -34  90.7  356
2016  78  0  -0.0  -1.6  440. 20  47   -23  89.5  273
2016  79  0  -0.5  -1.6  428. 27  37   -30  88.6  307
2016  80  0  -0.4  -1.7  404. 23  36   -26  86.9  285
2016  81  0   1.5   1.0  410. 17  33   -13  88.2   95
2016  82  0   0.9   2.2  410. 13  20    -4  86.7   72
2016  83  0  -0.5   1.1  420. 20  21    -5  86.2  139
2016  84  0   0.8   1.7  469. 13  35    -2  86.0   92
2016  85  0  -0.0   0.4  508. 13  34    -8  85.1  102
2016  86  0   0.0   1.3  378.  3  32     6  85.1   40
2016  87  0   0.2   2.0  406. 27  32     4  87.9  151
2016  88  0   1.2   2.6  478. 20  30    -1  87.4  120
2016  89  0  -0.4   0.3  519. 23  20   -11  87.5  244
2016  90  0   0.2   0.4  521. 23  17   -10  83.6  199
2016  91  0  -0.4   0.2  450. 13  16    -7  81.6   99
2016  92  0   0.2   0.9  386.  3  12     0  82.0   40
2016  93  0  -0.7  -1.5  389. 23  12    -6  81.5  279
2016  94  0   0.1  -1.4  424. 27  12   -30  82.3  308
2016  95  0   1.8  -0.4  389. 13  40   -17  83.5  130
2016  96  0   0.6  -1.2  377. 13  33   -12  83.5  132
2016  97  0   0.2  -1.1  390. 17  20   -11  87.2  166
2016  98  0  -0.6  -1.4  372. 23  18    -7  92.5  230
2016  99  0   2.4   3.8  350. 13  26   -25  98.6  106
2016 100  0   0.9   1.7  335.  3  25    -5 105.9   45
2016 101  0   0.9   1.6  356. 17  34    -0 111.1   94
2016 102  0  -0.7   1.1  356. 10  43     2 117.2  100
2016 103  0   0.1  -2.2  404. 30  37    -9 111.9  349
2016 104  0  -1.6  -2.6  544. 37  48   -39 108.8  481
2016 105  0  -3.1  -3.9  452. 37  46   -38 111.8  525
2016 106  0   0.8   0.9  376. 17  33   -14 113.2  106
2016 107  0  -0.6  -1.2  410. 23  42   -19 114.0  337
2016 108  0  -0.2  -1.6  409. 33  36   -20 102.9  437
2016 109  0   3.2   3.5  383. 10  31    -8  95.4   47
2016 110  0   0.6   1.9  360.  3  28    -4  89.9   37
2016 111  0  -1.5   0.2  339.  7  25    -5  84.0  105
2016 112  0   1.6   2.8  402. 10  26     5  77.5   60
2016 113  0   0.7   2.0  482. 23  21     3  77.5  135
2016 114  0   0.0   1.2  445. 23  13    -1  79.6  161
2016 115  0   1.4   2.5  520. 23  37    -6  82.8  141
2016 116  0   0.5   1.4  510. 13  45    -3  82.9   95
2016 117  0  -0.0   0.4  463. 13  57    -2  86.3  117
2016 118  0  -0.5  -0.4  444. 23  76    -3  93.8  167
2016 119  0   0.6   0.9  419. 10  90    -2  96.3   80
2016 120  0   1.1   1.9  368.  7  82     7  93.8   39
2016 121  0  -0.1  -0.9  362. 17  89     5  95.4  199
2016 122  0  -1.6  -2.3  396. 27  87   -12  93.6  351
2016 123  0  -1.5  -2.3  475. 37  83   -32  91.3  582
2016 124  0  -0.1  -0.7  534. 23  73   -26  91.5  262
2016 125  0   1.2   0.7  445.  7  71   -17  91.6   79
2016 126  0   1.0  -0.1  382. 17  60   -12  88.7  178
2016 127  0  -0.7  -1.5  394. 27  57   -17  91.2  369
2016 128  0  -0.1   0.6  467. 20  34   -17  89.7  174
2016 129  0  -4.5  -5.1  558. 57  44   -65  85.6  829
2016 130  0  -1.1  -1.7  645. 37  52   -53  90.2  512
2016 131  0  -0.6  -1.1  594. 27  76   -38  90.5  362
2016 132  0  -0.7  -0.8  482. 13  79   -28  95.8  148
2016 133  0  -0.5  -0.9  400.  7  83   -19  93.9  105
2016 134  0  -1.2  -1.9  353. 17  78   -21  95.4  214
2016 135  0  -3.0  -3.8  338. 20  88   -13 103.4  292
2016 136  0  -0.3   1.4  411. 27  87   -13 110.8  229
2016 137  0  -1.4  -0.6  486. 27  55   -16 104.3  298
2016 138  0   0.4   1.0  514. 27  38    -9 105.6  263
2016 139  0   0.4   0.7  479. 17  30   -10 104.7  182
2016 140  0   0.6   1.1  438. 17  43    -7 101.2  180
2016 141  0   1.0   2.0  437. 13  46     0 102.0   90
2016 142  0   0.2   0.9  481. 27  18    -9 100.2  271
2016 143  0   0.4   1.1  580. 17  28   -13  99.8  152
2016 144  0   0.4   0.8  491.  7  16    -7  99.8   88
2016 145  0   0.1   0.6  417. 10  25    -3  96.7   98
2016 146  0   0.5   1.0  391.  3  35     2  96.1   62
2016 147  0   0.4   0.8  350.  7  34     8  94.2   59
2016 148  0  -0.0  -0.7  409. 23  34     1  92.8  247
2016 149  0   0.2  -0.3  499. 27  33    -9  90.1  300
2016 150  0  -0.1  -0.8  457. 17  33   -11  85.3  224
2016 151  0  -0.3  -0.4  507. 23  41   -11  88.7  259
2016 152  0  -0.6  -0.9  470. 23  36    -7  89.0  261
2016 153  0   0.1  -0.2  451. 13  41    -9  88.4  145
2016 154  0  -0.1  -0.3  369.  7  14    -6  87.7   79
2016 155  0  -0.1  -0.4  302.  3   0     0  85.7   61
2016 156  0   0.7   0.4  302.  7  10     6  82.4   66
2016 157  0  -1.3  -1.5  423. 37   0     5  81.5  395
2016 158  0  -2.0  -2.0  565. 33   0   -31  80.8  483
2016 159  0   0.3   0.4  490. 20  12   -12  80.8  207
2016 160  0   1.2   1.1  436. 13  14   -14  82.6  152
2016 161  0  -0.1  -0.3  374.  7  19    -8  87.8   91
2016 162  0  -1.0  -0.8  353. 13  33     7  87.5  126
2016 163  0  -0.3  -0.1  472. 20  44    -5  90.9  239
2016 164  0   2.0   2.1  459. 23  42     4  97.1  185
2016 165  0   1.1   1.2  528. 20  38     2  93.9  155
2016 166  0  -0.8  -0.7  477. 27  38     3  90.4  235
2016 167  0   3.3   3.3  607. 23  40    -6  90.1  213
2016 168  0   1.4   1.6  542. 17  28    -2  91.0  110
2016 169  0   0.3   0.4  564. 17  39    -4  89.4  193
2016 170  0   0.5   0.5  591. 20  47    -5  86.3  209
2016 171  0   0.7   0.6  538. 10  50    -3  87.9  129
2016 172  0   1.5   1.4  454. 10  36     4  87.1   53
2016 173  0   0.5   0.6  399.  7  24     2  82.9   52
2016 174  0   0.1   0.3  358. 20  23     6  80.9  160
2016 175  0   0.8   1.0  400. 20  12     3  80.0  163
2016 176  0  -0.8  -0.6  505. 27  12   -17  78.2  342
2016 177  0  -0.6  -0.6  473. 17   0   -10  79.6  197
2016 178  0   0.2   0.4  474. 23   0    -2  79.2  219
2016 179  0   0.5   0.5  474. 17   0    -9  78.0  178
2016 180  0  -0.2   0.0  450. 13   0    -3  75.5  145
2016 181  0   0.3   0.5  379. 10   0    -1  76.0   87
2016 182  0  -0.8  -0.4  351. 13   0     5  75.4  109
2016 183  0  -0.1  -0.2  387. 13   0    -3  74.4  172
2016 184  0   0.3   0.1  361. 17  12     5  73.3  137
2016 185  0   0.2   0.7  446. 20  19     5  74.8  197
2016 186  0  -0.7  -0.5  424. 13   0    -1  76.3  153
2016 187  0  -0.4  -0.2  364.  7  13    -1  74.9   94
2016 188  0  -1.1  -0.6  322. 10  13     9  79.7  105
2016 189  0   0.3  -0.4  437. 33  25    -0  86.1  358
2016 190  0  -1.0  -1.5  566. 33  42   -18  90.0  435
2016 191  0   0.6   0.2  615. 27  55   -11  95.3  289
2016 192  0   0.6   0.6  585. 23  50    -6  97.6  201
2016 193  0   0.2  -0.1  511. 23  62   -12  97.8  255
2016 194  0  -1.2  -1.7  566. 33  59   -18  95.5  414
2016 195  0   0.5   0.3  550. 17  53   -10 100.0  185
2016 196  0   0.1  -0.4  547. 23  58    -7  98.2  253
2016 197  0  -0.1  -0.4  636. 23  69   -12 105.4  280
2016 198  0   0.1  -0.1  566. 17  61    -9 110.1  174
2016 199  0  -0.5  -1.0  462. 13  39    -7 108.6  165
2016 200  0   0.1  -0.2  396.  7  64    -5 110.6   75
2016 201  0  -0.3  -0.6  337. 13  59     2 104.1   69
2016 202  0   4.3   5.3  517. 30  57    -3 111.5  239
2016 203  0   5.4   5.7  446. 13  52    -8 103.3   56
2016 204  0  -2.4  -2.1  412. 17  39   -11  93.3  254
2016 205  0  -0.7  -0.0  387. 17  28   -12  88.9  200
2016 206  0   1.3   1.5  402. 23  13    -0  84.8  189
2016 207  0  -2.7  -2.4  432. 33   0   -27  75.9  454
2016 208  0  -1.3  -1.1  356. 10   0   -10  75.9  136
2016 209  0   1.0   1.0  333.  7   0     2  73.8   59
2016 210  0  -1.5  -1.7  392. 27  13    -4  72.5  342
2016 211  0  -0.7   0.3  553. 27  16   -12  72.6  289
2016 212  0  -0.7  -0.4  461. 13  21    -8  73.1  121
2016 213  0  -0.1   0.1  389.  7  16     0  73.7   76
2016 214  0  -0.2   0.1  329.  7  12    -0  74.1   60
2016 215  0   4.0   3.8  367. 27  12    21  77.1  131
2016 216  0   0.9  -1.3  480. 43   0   -30  77.0  458
2016 217  0   0.4  -0.1  574. 30  16   -22  78.5  389
2016 218  0  -0.0  -0.6  618. 30  38   -20  82.1  315
2016 219  0   0.5   0.1  603. 27  39   -19  85.5  288
2016 220  0   0.5  -0.1  554. 23  53   -13  95.3  227
2016 221  0   0.6   0.3  484. 23  81   -15  99.0  289
2016 222  0   0.7   0.1  561. 27  73   -13  94.9  269
2016 223  0  -0.4  -0.6  611. 30  77   -18  97.6  376
2016 224  0   0.6   0.7  599. 20  79    -8  97.2  185
2016 225  0  -0.3  -1.0  552. 20  73   -16  97.3  243
2016 226  0  -0.7  -1.1  468. 10  58   -12  92.9  178
2016 227  0   0.8   0.3  406.  7  59    -2  89.4   74
2016 228  0   0.6  -0.9  330.  7  64    -2  89.8  104
2016 229  0   0.1  -1.4  303. 10  81     1  88.7  124
2016 230  0   1.8   2.3  363. 17  58    -2  84.9  164
2016 231  0  -2.7  -1.7  364. 13  49   -12  84.4  178
2016 232  0  -1.3  -1.5  331. 10  47    -5  82.7  113
2016 233  0   0.1   1.0  311.  7  17    -1  80.0  110
2016 234  0   0.4   2.4  343. 17  14    14  78.4   88
2016 235  0  -1.3  -0.3  394. 10  30     0  81.8  116
2016 236  0  -2.9  -1.8  396. 27  48   -16  83.1  358
2016 237  0   0.0   1.4  533. 30  49   -29  79.7  254
2016 238  0  -0.3   0.3  534. 23  48   -16  80.3  234
2016 239  0   0.4   1.4  465. 13  51    -9  83.6  122
2016 240  0  -0.2   0.3  418. 10  59    -5  85.6  112
2016 241  0   0.8   0.9  376.  3  64     2  87.1   78
2016 242  0   0.8   0.5  342. 13  69     9  89.5  119
2016 243  0  -0.8  -2.3  404. 30  73   -10 102.3  330
2016 244  0   0.7  -0.1  431. 13  80    -2  99.3  141
2016 245  0  -0.9  -2.3  483. 40  78   -31  96.9  552
2016 246  0   0.1  -0.9  622. 43  67   -34  96.3  536
2016 247  0  -0.6  -1.4  667. 43  65   -39 100.7  667
2016 248  0   0.5  -0.7  668. 40  50   -31  99.0  426
2016 249  0  -0.2  -1.1  587. 30  31   -28  95.3  369
2016 250  0  -0.3  -0.8  525. 27  42   -23  93.9  208
2016 251  0  -0.1  -0.5  488. 23  58   -18  94.4  233
2016 252  0  -1.3  -1.8  465. 27  54   -23  95.9  352
2016 253  0   1.2   0.6  409.  7  79   -10  92.3   54
2016 254  0   0.4  -0.5  372.  7  77   -10  94.3   89
2016 255  0  -1.6  -2.0  338.  7  67    -8  87.5  157
2016 256  0   0.9   1.2  307. 10  59     4  87.5   82
2016 257  0  -1.0  -2.8  285. 10  39    -7  87.0  131
2016 258  0  -3.5  -3.2  307. 20  27    -7  86.2  239
2016 259  0   0.0  -1.8  301. 13  15   -15  85.3  226
2016 260  0  -0.5   1.4  297.  7  13     0  84.5   46
2016 261  0   1.0   2.4  304.  7  14     8  81.0   35
2016 262  0  -1.6  -0.6  335. 17  39    -3  83.8  138
2016 263  0  -0.1   2.7  385. 20  63    -4  83.3  173
2016 264  0  -0.1   1.5  654. 33  53   -17  85.2  217
2016 265  0   0.3   1.2  561. 17  54    -6  86.1  130
2016 266  0   1.2   1.4  469.  7  36    -2  85.7   60
2016 267  0   2.8   3.6  394.  7  60     6  86.1   31
2016 268  0  -0.3   1.7  362. 10  55     5  85.4   86
2016 269  0  -1.0   0.2  370. 33  31   -17  85.1  271
2016 270  0  -0.9  -2.5  421. 33  28   -27  87.2  422
2016 271  0   0.8  -0.5  543. 43  26   -32  85.9  450
2016 272  0   0.3  -0.8  650. 43  31   -35  84.8  628
2016 273  0   0.2  -1.2  680. 43  17   -45  83.0  601
2016 274  0   0.1  -0.7  638. 33  12   -31  80.8  406
2016 275  0  -0.2  -0.8  548. 30   0   -31  81.2  289
2016 276  0  -0.1  -0.9  514. 30  15   -25  82.4  345
2016 277  0   0.3  -0.1  498. 27  36   -23  87.9  208
2016 278  0   0.3  -0.7  527. 37  40   -34  93.1  388
2016 279  0  -0.0  -0.4  510. 23  41   -24  99.3  205
2016 280  0   0.7   0.3  442. 13  56   -14 101.4  114
2016 281  0   0.3   0.2  429. 13  59   -17 104.0  123
2016 282  0  -0.3  -1.1  416. 17  63   -17 104.1  174
2016 283  0  -0.1  -1.2  361. 13  69   -14 104.2  155
2016 284  0  -0.0  -1.3  357. 20  66   -16 101.6  220
2016 285  0   1.3   2.2  384.  3  64    -6  98.8   38
2016 286  0   0.5   1.2  370. 10  41    -4  97.2   51
2016 287  0 -10.9 -11.3  411. 47  41   -53  94.8  610
2016 288  0   5.4   1.2  369. 30  41   -52  92.3  361
2016 289  0   0.1   1.7  485. 23  36   -21  84.4  162
2016 290  0   0.6   1.7  627. 30  32   -19  80.4  240
2016 291  0  -0.0   0.5  712. 33  25   -21  75.6  346
2016 292  0   0.0   0.3  636. 20  29   -21  76.8  201
2016 293  0  -0.0   0.4  503. 13  30   -14  75.8   81
2016 294  0   1.1   1.6  405.  3  16    -5  74.0   33
2016 295  0   1.1   1.7  369.  3  28    -1  77.1   31
2016 296  0  -0.5   0.5  343. 13  28     2  76.7   75
2016 297  0   0.7  -0.2  411. 20  15    -6  76.0  171
2016 298  0  -2.0  -3.3  393. 30  15   -28  74.5  424
2016 299  0  -0.2  -2.0  557. 50  17   -45  76.9  664
2016 300  0  -1.0  -1.7  682. 47  29   -47  77.1  614
2016 301  0  -0.9  -1.5  592. 40  25   -43  77.8  525
2016 302  0  -0.6  -0.8  594. 30  36   -37  78.2  364
2016 303  0  -0.3  -1.6  603. 37  23   -49  78.0  515
2016 304  0   0.0  -0.9  586. 30  14   -38  75.1  424
2016 305  0  -0.2  -0.9  505. 20  13   -28  75.5  207
2016 306  0  -0.9  -1.5  471. 23  12   -23  75.4  254
2016 307  0  -2.0  -1.2  423. 27   0   -24  74.8  259
2016 308  0  -2.5  -3.0  396. 30  28   -34  74.4  411
2016 309  0   1.2   0.8  378. 10  25   -18  75.4   87
2016 310  0   0.5   0.3  351.  3  24   -10  75.3   31
2016 311  0  -0.5  -1.0  319. 10  22    -7  74.9   84
2016 312  0   0.2   0.6  310.  7  11    -3  75.1   37
2016 313  0  -0.2   0.4  295.  3   0    -3  75.4   62
2016 314  0  -0.2   0.1  327. 17  13     1  78.3  119
2016 315  0   0.1  -1.2  381. 27  24   -24  78.6  340
2016 316  0   0.7   2.1  458. 23  26   -22  76.8  137
2016 317  0   1.0   2.0  610. 33  12   -14  76.8  262
2016 318  0  -0.3   0.1  693. 37  37   -19  76.2  315
2016 319  0   0.3   1.0  627. 23  31   -14  75.6  162
2016 320  0  -0.2   0.1  539. 17  27   -13  74.9  111
2016 321  0   0.1   0.6  435. 10  28    -4  79.1   63
2016 322  0  -0.2   0.3  389.  7  29    -5  76.8   60
2016 323  0  -0.5   0.1  361.  3  28    -3  75.8   61
2016 324  0   0.2   0.9  323.  3  23     5  74.9   44
2016 325  0   0.7   0.3  338.  7  12     7  74.6   57
2016 326  0   0.1  -0.6  338. 13   0     1  73.1  132
2016 327  0   1.4   0.4  389. 23   0    -2  75.4  168
2016 328  0  -1.2  -1.5  441. 23  11   -17  75.7  244
2016 329  0  -1.1  -2.0  469. 33  12   -23  77.0  458
2016 330  0  -0.5  -1.3  616. 40  13   -31  78.8  430
2016 331  0   0.0  -0.3  632. 27  24   -21  79.1  249
2016 332  0   0.1  -0.5  583. 20  30   -16  80.4  191
2016 333  0  -0.1  -0.5  467. 20  42   -10  82.9  144
2016 334  0  -0.1  -0.4  427. 13  46   -10  83.1   99
2016 335  0   0.5   0.3  370.  7  52    -5  81.3   57
2016 336  0   2.9   2.3  364.  7  55     3  82.1   37
2016 337  0  -0.9  -1.1  354.  7  62    -2  82.0   65
2016 338  0  -0.3  -0.6  313.  3  52     2  82.2   50
2016 339  0  -0.8  -0.9  286.  3  38    10  80.0   41
2016 340  0   0.6   1.0  306. 10  35     8  80.3   48
2016 341  0   0.2   0.3  341. 17  33     5  77.4  112
2016 342  0  -1.1  -1.5  365. 20  19    -6  74.9  201
2016 343  0  -0.2   0.3  558. 33  14   -12  72.6  321
2016 344  0   0.3   0.7  644. 37  20   -17  70.7  336
2016 345  0  -0.1   0.1  667. 30   0   -21  70.0  244
2016 346  0  -0.4  -0.3  608. 27  12   -10  69.2  207
2016 347  0   1.6   1.6  527. 13  12    -5  68.6   64
2016 348  0   0.9   0.9  519. 10  14    -5  69.0   49
2016 349  0   0.3   0.3  468. 10  23    -2  70.1   58
2016 350  0   0.4   0.5  405.  3  12    -1  70.2   38
2016 351  0   0.5   0.6  374.  3   0     3  70.3   30
2016 352  0  -0.3  -0.4  367. 10  13     6  69.8  105
2016 353  0  -1.3  -1.2  402. 20  29    -8  70.0  172
2016 354  0  -1.0  -1.0  359. 13  15    -8  70.5  131
2016 355  0  -0.5  -0.6  347. 13  22    -4  72.5  137
2016 356  0  -0.0   0.0  515. 33  30   -14  72.6  395
2016 357  0  -0.4  -0.4  633. 37  16   -28  72.4  387
2016 358  0  -1.4  -1.4  704. 33   0   -24  71.3  430
2016 359  0   0.5   0.5  641. 27   0   -20  70.7  231
2016 360  0   0.2   0.2  641. 33   0   -17  70.1  298
2016 361  0  -1.0  -0.9  673. 33   0   -22  71.4  321
2016 362  0  -0.1  -0.0  586. 23  16   -16  71.3  166
2016 363  0  -0.2  -0.2  462. 13  12   -10  70.9   81
2016 364  0  -1.2  -1.1  389. 10  11   -10  70.9  129
2016 365  0  -0.4  -0.2  338.  7  11    -4  71.2   50
2016 366  0  -1.0  -0.6  408. 27  11    -8  71.1  263
